The system is: Windows - 10.0.19043 - AMD64
Compiling the C compiler identification source file "CMakeCCompilerId.c" succeeded.
Compiler: C:/Program Files/Microsoft Visual Studio/2022/Community/VC/Tools/MSVC/14.31.31103/bin/Hostx86/x86/cl.exe 
Build flags: 
Id flags:  

The output was:
0
Microsoft (R) Kompilator optymalizujący C/C++, wersja 19.31.31105 dla architektury x86
Copyright (C) Microsoft Corporation. Wszystkie prawa zastrzeżone.

CMakeCCompilerId.c
Microsoft (R) Incremental Linker Version 14.31.31105.0
Copyright (C) Microsoft Corporation.  All rights reserved.

/out:CMakeCCompilerId.exe 
CMakeCCompilerId.obj 


Compilation of the C compiler identification source "CMakeCCompilerId.c" produced "CMakeCCompilerId.exe"

Compilation of the C compiler identification source "CMakeCCompilerId.c" produced "CMakeCCompilerId.obj"

The C compiler identification is MSVC, found in "C:/Users/Admin/Desktop/Pico/rp2040-freertos-project/build/elf2uf2/CMakeFiles/3.23.1/CompilerIdC/CMakeCCompilerId.exe"

Compiling the CXX compiler identification source file "CMakeCXXCompilerId.cpp" succeeded.
Compiler: C:/Program Files/Microsoft Visual Studio/2022/Community/VC/Tools/MSVC/14.31.31103/bin/Hostx86/x86/cl.exe 
Build flags: 
Id flags:  

The output was:
0
Microsoft (R) Kompilator optymalizujący C/C++, wersja 19.31.31105 dla architektury x86
Copyright (C) Microsoft Corporation. Wszystkie prawa zastrzeżone.

CMakeCXXCompilerId.cpp
Microsoft (R) Incremental Linker Version 14.31.31105.0
Copyright (C) Microsoft Corporation.  All rights reserved.

/out:CMakeCXXCompilerId.exe 
CMakeCXXCompilerId.obj 


Compilation of the CXX compiler identification source "CMakeCXXCompilerId.cpp" produced "CMakeCXXCompilerId.exe"

Compilation of the CXX compiler identification source "CMakeCXXCompilerId.cpp" produced "CMakeCXXCompilerId.obj"

The CXX compiler identification is MSVC, found in "C:/Users/Admin/Desktop/Pico/rp2040-freertos-project/build/elf2uf2/CMakeFiles/3.23.1/CompilerIdCXX/CMakeCXXCompilerId.exe"

Detecting C compiler ABI info compiled with the following output:
Change Dir: C:/Users/Admin/Desktop/Pico/rp2040-freertos-project/build/elf2uf2/CMakeFiles/CMakeTmp

Run Build Command(s):nmake -f Makefile /nologo cmTC_71be2\fast && 	"C:\Program Files\Microsoft Visual Studio\2022\Community\VC\Tools\MSVC\14.31.31103\bin\HostX86\x86\nmake.exe"  -f CMakeFiles\cmTC_71be2.dir\build.make /nologo -L                  CMakeFiles\cmTC_71be2.dir\build
Building C object CMakeFiles/cmTC_71be2.dir/CMakeCCompilerABI.c.obj
	"C:\Program Files\CMake\bin\cmake.exe" -E cmake_cl_compile_depends --dep-file=CMakeFiles\cmTC_71be2.dir\CMakeCCompilerABI.c.obj.d --working-dir=C:\Users\Admin\Desktop\Pico\rp2040-freertos-project\build\elf2uf2\CMakeFiles\CMakeTmp --filter-prefix="Uwaga: w tym pliku:  " -- C:\PROGRA~1\MIB055~1\2022\COMMUN~1\VC\Tools\MSVC\1431~1.311\bin\Hostx86\x86\cl.exe @C:\Users\Admin\AppData\Local\Temp\nmF270.tmp
CMakeCCompilerABI.c
Linking C executable cmTC_71be2.exe
	"C:\Program Files\CMake\bin\cmake.exe" -E vs_link_exe --intdir=CMakeFiles\cmTC_71be2.dir --rc=C:\PROGRA~2\WI3CF2~1\10\bin\100220~1.0\x86\rc.exe --mt=C:\PROGRA~2\WI3CF2~1\10\bin\100220~1.0\x86\mt.exe --manifests -- C:\PROGRA~1\MIB055~1\2022\COMMUN~1\VC\Tools\MSVC\1431~1.311\bin\Hostx86\x86\link.exe /nologo @CMakeFiles\cmTC_71be2.dir\objects1.rsp @C:\Users\Admin\AppData\Local\Temp\nmF36B.tmp



Detecting CXX compiler ABI info compiled with the following output:
Change Dir: C:/Users/Admin/Desktop/Pico/rp2040-freertos-project/build/elf2uf2/CMakeFiles/CMakeTmp

Run Build Command(s):nmake -f Makefile /nologo cmTC_c0e09\fast && 	"C:\Program Files\Microsoft Visual Studio\2022\Community\VC\Tools\MSVC\14.31.31103\bin\HostX86\x86\nmake.exe"  -f CMakeFiles\cmTC_c0e09.dir\build.make /nologo -L                  CMakeFiles\cmTC_c0e09.dir\build
Building CXX object CMakeFiles/cmTC_c0e09.dir/CMakeCXXCompilerABI.cpp.obj
	"C:\Program Files\CMake\bin\cmake.exe" -E cmake_cl_compile_depends --dep-file=CMakeFiles\cmTC_c0e09.dir\CMakeCXXCompilerABI.cpp.obj.d --working-dir=C:\Users\Admin\Desktop\Pico\rp2040-freertos-project\build\elf2uf2\CMakeFiles\CMakeTmp --filter-prefix="Uwaga: w tym pliku:  " -- C:\PROGRA~1\MIB055~1\2022\COMMUN~1\VC\Tools\MSVC\1431~1.311\bin\Hostx86\x86\cl.exe @C:\Users\Admin\AppData\Local\Temp\nmF658.tmp
CMakeCXXCompilerABI.cpp
Linking CXX executable cmTC_c0e09.exe
	"C:\Program Files\CMake\bin\cmake.exe" -E vs_link_exe --intdir=CMakeFiles\cmTC_c0e09.dir --rc=C:\PROGRA~2\WI3CF2~1\10\bin\100220~1.0\x86\rc.exe --mt=C:\PROGRA~2\WI3CF2~1\10\bin\100220~1.0\x86\mt.exe --manifests -- C:\PROGRA~1\MIB055~1\2022\COMMUN~1\VC\Tools\MSVC\1431~1.311\bin\Hostx86\x86\link.exe /nologo @CMakeFiles\cmTC_c0e09.dir\objects1.rsp @C:\Users\Admin\AppData\Local\Temp\nmF753.tmp



